Arguments: 
  C:\Program Files\nodejs\node.exe C:\Program Files (x86)\Yarn\bin\yarn.js add socks5-https-client

PATH: 
  C:\Program Files\Git\mingw64\bin;C:\Program Files\Git\usr\bin;C:\Users\Bator\bin;C:\WINDOWS\system32;C:\WINDOWS;C:\WINDOWS\System32\Wbem;C:\WINDOWS\System32\WindowsPowerShell\v1.0;C:\WINDOWS\System32\OpenSSH;C:\Program Files\nodejs;C:\Program Files\Git\cmd;C:\Program Files (x86)\Yarn\bin;C:\Users\Bator\AppData\Local\Programs\Python\Python37-32\Scripts;C:\Users\Bator\AppData\Local\Programs\Python\Python37-32;C:\Users\Bator\AppData\Local\Microsoft\WindowsApps;C:\Users\Bator\AppData\Roaming\npm;C:\Users\Bator\AppData\Local\Programs\Microsoft VS Code\bin;C:\Users\Bator\AppData\Local\Yarn\bin;C:\Users\Bator\AppData\Local\GitHubDesktop\bin;C:\Program Files\JetBrains\WebStorm 2019.3.3\bin

Yarn version: 
  1.19.1

Node version: 
  10.16.0

Platform: 
  win32 x64

Trace: 
  Error: https://registry.yarnpkg.com/cheerio: tunneling socket could not be established, cause=connect ETIMEDOUT 46.105.57.149:43878
      at ClientRequest.onError (C:\Program Files (x86)\Yarn\lib\cli.js:152050:17)
      at Object.onceWrapper (events.js:286:20)
      at ClientRequest.emit (events.js:198:13)
      at TLSSocket.socketErrorListener (_http_client.js:392:9)
      at TLSSocket.emit (events.js:198:13)
      at emitErrorNT (internal/streams/destroy.js:91:8)
      at emitErrorAndCloseNT (internal/streams/destroy.js:59:3)
      at process._tickCallback (internal/process/next_tick.js:63:19)

npm manifest: 
  {
    "name": "tel_bot",
    "version": "1.0.0",
    "description": "bot",
    "main": "index.js",
    "scripts": {
      "start": "node index.js"
    },
    "engines": {
      "node": "10.16.0"
    },
    "author": "",
    "license": "ISC",
    "dependencies": {
      "cheerio": "^1.0.0-rc.3",
      "node-telegram-bot-api": "^0.40.0"
    }
  }

yarn manifest: 
  No manifest

Lockfile: 
  No lockfile
